======input size: 32 x 32======
stride: 1, padding: 1, output size: 32
thread block: 32 x 32
Convolution method: Slide
output:
[[ 5.392, 7.592, 9.317,10.544,12.138, 9.908, 9.844, 9.219, 9.220, 8.662, 7.727, 8.924, 8.508, 8.958, 8.153, 8.013, 9.641, 9.513,10.312, 8.268, 8.747, 8.636, 9.523, 8.658, 7.842, 7.304, 7.409, 7.818, 8.048, 7.483, 8.894, 6.048],
[ 7.893,11.079,14.372,15.373,17.680,15.213,15.325,15.132,13.501,12.020,10.311,12.736,12.956,13.701,13.335,13.878,14.669,13.854,14.769,12.793,13.507,12.744,14.548,12.759,12.317,12.047,13.194,13.066,12.795,12.144,14.068, 9.653],
[ 6.793,10.696,14.399,15.757,17.818,17.338,16.866,16.095,13.176,12.618,10.619,10.770,11.106,12.717,14.834,14.410,14.109,13.612,14.918,14.013,14.155,12.782,15.305,14.407,14.950,13.738,14.744,12.691,11.670,10.620,12.709, 8.820],
[ 8.209,12.582,14.099,14.814,16.584,17.141,16.960,15.297,13.426,12.696,12.017,12.404,13.069,14.331,15.503,16.158,14.937,14.563,13.895,14.658,13.453,13.266,15.281,14.054,13.344,12.333,14.274,14.255,13.956,13.634,14.381, 9.070],
[ 8.859,13.471,12.615,14.242,16.167,17.704,16.769,14.631,12.936,13.594,13.290,13.741,13.811,14.041,15.225,14.624,14.090,13.472,12.783,14.524,12.779,12.904,14.220,14.958,14.267,12.933,13.250,13.976,13.459,13.923,13.248, 8.253],
[ 9.921,13.963,11.937,12.933,15.287,16.241,16.977,15.587,13.733,12.801,11.821,14.152,15.151,15.194,14.802,14.331,12.994,12.478,11.331,14.752,13.632,14.423,13.598,14.023,13.154,13.112,12.411,13.956,13.358,14.908,12.037, 7.349],
[ 8.212,12.349,11.293,12.433,13.795,14.261,14.841,15.589,14.596,14.605,12.084,12.413,12.313,13.254,15.160,14.557,12.666,12.080,11.263,13.665,12.529,12.083,11.384,13.714,14.000,14.173,11.621,11.829, 9.699,10.917,11.111, 8.589],
[ 8.732,13.285,11.722,12.571,12.834,13.204,14.260,15.757,16.354,16.183,13.511,12.044,11.593,13.126,14.944,15.165,14.921,15.331,15.010,15.022,13.801,13.495,13.072,13.979,13.698,14.441,12.886,13.179,11.287,12.165,11.971, 8.601],
[ 9.392,13.811,11.627,12.174,11.202,12.540,11.974,13.679,14.643,14.984,13.882,11.496,11.476,12.602,15.248,15.634,16.061,14.903,15.054,14.301,13.697,12.332,12.874,13.768,15.518,14.921,13.576,12.215,10.632,11.040,13.253,10.039],
[11.192,16.394,14.345,14.251,12.190,13.759,12.670,14.302,13.962,13.977,13.819,12.799,14.232,13.536,13.498,13.080,13.757,13.376,12.606,13.680,14.243,14.593,14.566,13.851,15.324,14.072,14.083,12.904,13.735,13.740,12.794, 7.572],
[10.988,15.596,14.458,13.110,11.585,12.158,12.210,13.275,13.412,12.389,13.187,12.870,13.903,13.182,12.499,12.748,11.476,11.196, 9.219,11.568,11.765,13.831,12.729,13.202,13.242,11.554,11.954,11.247,13.504,12.453,13.523, 8.754],
[10.355,15.839,14.698,13.475,11.132,11.163,11.845,13.486,13.395,12.557,13.363,14.578,14.827,14.098,12.730,13.204,11.483,12.522,10.444,11.679,10.157,12.722,11.251,12.531,11.352,11.764,12.662,13.331,15.374,14.591,14.419, 9.062],
[ 9.374,14.911,13.930,13.272,11.576,11.064,11.891,13.540,13.049,12.859,13.470,15.181,14.377,13.007,12.665,13.992,13.824,15.092,13.981,13.153,10.562,12.026,10.540,12.467,11.201,11.965,12.396,13.865,15.743,15.877,17.104,12.212],
[ 9.811,15.892,15.274,15.087,13.475,12.787,11.573,12.367,11.413,12.002,11.811,13.863,15.112,13.811,13.457,12.074,13.724,14.820,14.235,12.135,10.426,10.773,10.608,11.450,12.873,13.930,13.774,13.657,13.602,13.960,14.564,10.405],
[ 9.012,14.553,14.594,13.568,13.591,14.007,13.542,12.590,10.985,12.597,12.167,13.900,13.816,13.369,12.434,12.106,13.653,13.585,11.939,10.314,11.145,11.253,12.453,12.866,14.095,14.135,14.206,15.673,15.248,15.828,15.405,10.931],
[ 8.257,12.391,11.855,10.468,11.485,12.615,12.299,10.674, 9.535,11.237,10.924,12.777,12.170,13.359,14.119,13.531,13.570,11.121,10.326,10.319,11.974,12.261,12.991,12.730,13.433,14.105,14.805,15.151,13.851,13.573,13.858, 9.322],
[ 7.834,10.820,11.235, 8.701,10.453,11.780,13.019,11.409, 9.281,11.229,11.449,13.769,11.212,13.033,13.652,15.103,13.784,11.370,10.801,12.252,15.047,14.453,13.738,11.975,12.108,13.287,14.435,14.521,13.688,12.982,14.331, 9.399],
[ 9.599,12.478,12.027, 9.240,10.830, 9.979,12.188,11.152,10.067,10.883,11.037,14.133,12.421,13.385,14.249,14.005,13.464,10.826,12.041,13.394,15.564,15.166,13.186,11.855,11.365,13.151,12.487,10.589, 9.293, 8.801,12.148, 8.273],
[10.064,13.860,13.675,10.958,12.398,10.522,13.217,11.254,11.918,11.633,11.427,13.094,11.830,12.849,11.904,12.081,12.853,12.080,12.370,12.159,14.558,14.305,13.052,12.077,12.746,14.375,12.855,10.908, 9.933,10.589,13.163, 9.115],
[ 9.892,15.911,14.059,12.452,12.517,11.557,13.774,12.224,14.005,14.435,13.041,13.480,12.420,14.246,13.312,13.893,13.852,13.293,11.959,11.710,13.086,14.176,13.327,13.465,13.099,14.894,12.560,12.431,11.187,12.878,14.907,10.529],
[ 9.932,15.897,14.405,13.220,12.388,12.125,12.216,11.895,14.190,14.948,14.201,12.981,12.543,12.849,12.302,13.800,14.775,14.950,12.826,11.405,13.260,14.381,15.055,14.248,13.916,14.331,12.696,13.524,13.366,15.040,15.304,10.447],
[10.665,16.744,14.434,12.311,11.053,12.182,12.561,13.177,14.560,16.230,15.565,14.182,13.589,13.239,13.532,14.987,15.532,14.989,13.574,12.188,14.332,14.973,15.998,14.382,12.197,12.581,11.861,13.726,13.626,13.454,12.491, 7.601],
[ 9.946,15.167,13.033,11.643,10.528,12.062,11.606,12.348,12.446,13.016,14.066,13.240,13.949,11.866,12.979,14.121,15.301,14.437,14.514,12.935,14.836,14.361,15.990,15.778,13.076,11.564,10.537,12.194,13.622,13.135,12.092, 7.130],
[ 8.371,13.520,12.672,11.972,12.381,14.853,15.685,15.101,13.006,13.051,13.187,13.612,13.669,13.453,13.914,14.812,13.593,12.256,12.610,12.483,13.824,13.702,14.421,13.885,11.911,11.793,12.395,12.585,13.848,12.414,12.474, 7.062],
[ 8.700,13.380,12.423,12.458,13.715,15.733,16.498,14.879,13.330,11.807,12.725,12.972,14.188,14.241,14.004,14.591,12.525,11.484,11.313,11.696,13.001,12.951,13.143,12.785,12.368,12.839,13.684,12.934,13.354,12.179,13.192, 8.504],
[ 8.476,12.237,12.478,12.530,14.155,14.539,15.585,13.113,13.353,12.389,14.998,14.145,15.061,14.641,14.224,13.039,11.153,11.207,11.408,11.716,11.236,11.624,11.069,10.960,10.929,13.410,14.953,14.401,12.082,11.811,11.941, 8.808],
[ 8.402,11.923,12.558,12.405,12.418,11.670,11.233, 9.133,10.945,11.420,15.950,14.426,16.201,14.454,13.936,11.520,11.699,13.330,13.108,12.802,10.932,11.214,10.285,11.601,10.708,12.406,11.501,12.010, 9.803,10.721,11.373, 8.723],
[ 6.408, 9.939,11.888,12.921,12.709,11.694,11.118, 9.844,10.300,11.093,14.440,14.018,16.194,14.855,15.435,12.016,12.862,14.221,13.779,12.502, 9.358,10.320, 9.915,12.694,11.330,12.396,10.134,10.831, 9.002,10.716,10.775, 8.322],
[ 6.561,10.906,11.166,12.619,11.016,10.465,10.908,11.905,12.997,12.523,13.154,12.269,13.691,13.659,15.527,14.180,14.349,14.613,12.743,11.984, 9.171,10.820,10.481,13.429,12.519,12.787, 9.942,10.494,10.904,12.119,11.121, 7.036],
[ 6.733,11.901,10.693,11.429, 9.782,10.619,13.005,13.772,14.065,11.938,11.532,10.720,12.958,14.270,16.755,14.825,14.586,14.261,14.213,12.885,10.845,11.523,11.199,12.895,12.008,12.963,13.091,14.342,15.144,14.572,12.400, 7.342],
[ 7.444,12.480,10.588,11.414, 9.590,10.851,13.029,13.421,14.662,13.812,14.995,14.580,14.698,15.664,16.771,15.471,15.602,15.168,15.023,14.302,13.472,13.806,12.483,12.130,12.032,12.493,13.947,14.257,15.873,14.740,13.757, 7.841],
[ 4.924, 8.258, 7.433, 7.517, 6.823, 8.263, 9.898, 9.037, 8.860, 8.828,10.376,11.187,11.460,11.990,11.590, 9.650,10.448,10.092,11.001, 9.951,10.577,10.041, 9.092, 7.587, 7.689, 7.790, 9.583, 9.315,10.690, 9.333, 9.756, 5.626]]
Convolution Running time: 0.160928 ms

Convolution method: im2col
im2col shape: (27, 1024)
output:
[[ 5.392, 7.592, 9.317,10.544,12.138, 9.908, 9.844, 9.219, 9.220, 8.662, 7.727, 8.924, 8.508, 8.958, 8.153, 8.013, 9.641, 9.513,10.312, 8.268, 8.747, 8.636, 9.523, 8.658, 7.842, 7.304, 7.409, 7.818, 8.048, 7.483, 8.894, 6.048],
[ 7.893,11.079,14.372,15.373,17.680,15.213,15.325,15.132,13.501,12.020,10.311,12.736,12.956,13.701,13.335,13.878,14.669,13.854,14.769,12.793,13.507,12.744,14.548,12.759,12.317,12.047,13.194,13.066,12.795,12.144,14.068, 9.653],
[ 6.793,10.696,14.399,15.757,17.818,17.338,16.866,16.095,13.176,12.618,10.619,10.770,11.106,12.717,14.834,14.410,14.109,13.612,14.918,14.013,14.155,12.782,15.305,14.407,14.950,13.738,14.744,12.691,11.670,10.620,12.709, 8.820],
[ 8.209,12.582,14.099,14.814,16.584,17.141,16.960,15.297,13.426,12.696,12.017,12.404,13.069,14.331,15.503,16.158,14.937,14.563,13.895,14.658,13.453,13.266,15.281,14.054,13.344,12.333,14.274,14.255,13.956,13.634,14.381, 9.070],
[ 8.859,13.471,12.615,14.242,16.167,17.704,16.769,14.631,12.936,13.594,13.290,13.741,13.811,14.041,15.225,14.624,14.090,13.472,12.783,14.524,12.779,12.904,14.220,14.958,14.267,12.933,13.250,13.976,13.459,13.923,13.248, 8.253],
[ 9.921,13.963,11.937,12.933,15.287,16.241,16.977,15.587,13.733,12.801,11.821,14.152,15.151,15.194,14.802,14.331,12.994,12.478,11.331,14.752,13.632,14.423,13.598,14.023,13.154,13.112,12.411,13.956,13.358,14.908,12.037, 7.349],
[ 8.212,12.349,11.293,12.433,13.795,14.261,14.841,15.589,14.596,14.605,12.084,12.413,12.313,13.254,15.160,14.557,12.666,12.080,11.263,13.665,12.529,12.083,11.384,13.714,14.000,14.173,11.621,11.829, 9.699,10.917,11.111, 8.589],
[ 8.732,13.285,11.722,12.571,12.834,13.204,14.260,15.757,16.354,16.183,13.511,12.044,11.593,13.126,14.944,15.165,14.921,15.331,15.010,15.022,13.801,13.495,13.072,13.979,13.698,14.441,12.886,13.179,11.287,12.165,11.971, 8.601],
[ 9.392,13.811,11.627,12.174,11.202,12.540,11.974,13.679,14.643,14.984,13.882,11.496,11.476,12.602,15.248,15.634,16.061,14.903,15.054,14.301,13.697,12.332,12.874,13.768,15.518,14.921,13.576,12.215,10.632,11.040,13.253,10.039],
[11.192,16.394,14.345,14.251,12.190,13.759,12.670,14.302,13.962,13.977,13.819,12.799,14.232,13.536,13.498,13.080,13.757,13.376,12.606,13.680,14.243,14.593,14.566,13.851,15.324,14.072,14.083,12.904,13.735,13.740,12.794, 7.572],
[10.988,15.596,14.458,13.110,11.585,12.158,12.210,13.275,13.412,12.389,13.187,12.870,13.903,13.182,12.499,12.748,11.476,11.196, 9.219,11.568,11.765,13.831,12.729,13.202,13.242,11.554,11.954,11.247,13.504,12.453,13.523, 8.754],
[10.355,15.839,14.698,13.475,11.132,11.163,11.845,13.486,13.395,12.557,13.363,14.578,14.827,14.098,12.730,13.204,11.483,12.522,10.444,11.679,10.157,12.722,11.251,12.531,11.352,11.764,12.662,13.331,15.374,14.591,14.419, 9.062],
[ 9.374,14.911,13.930,13.272,11.576,11.064,11.891,13.540,13.049,12.859,13.470,15.181,14.377,13.007,12.665,13.992,13.824,15.092,13.981,13.153,10.562,12.026,10.540,12.467,11.201,11.965,12.396,13.865,15.743,15.877,17.104,12.212],
[ 9.811,15.892,15.274,15.087,13.475,12.787,11.573,12.367,11.413,12.002,11.811,13.863,15.112,13.811,13.457,12.074,13.724,14.820,14.235,12.135,10.426,10.773,10.608,11.450,12.873,13.930,13.774,13.657,13.602,13.960,14.564,10.405],
[ 9.012,14.553,14.594,13.568,13.591,14.007,13.542,12.590,10.985,12.597,12.167,13.900,13.816,13.369,12.434,12.106,13.653,13.585,11.939,10.314,11.145,11.253,12.453,12.866,14.095,14.135,14.206,15.673,15.248,15.828,15.405,10.931],
[ 8.257,12.391,11.855,10.468,11.485,12.615,12.299,10.674, 9.535,11.237,10.924,12.777,12.170,13.359,14.119,13.531,13.570,11.121,10.326,10.319,11.974,12.261,12.991,12.730,13.433,14.105,14.805,15.151,13.851,13.573,13.858, 9.322],
[ 7.834,10.820,11.235, 8.701,10.453,11.780,13.019,11.409, 9.281,11.229,11.449,13.769,11.212,13.033,13.652,15.103,13.784,11.370,10.801,12.252,15.047,14.453,13.738,11.975,12.108,13.287,14.435,14.521,13.688,12.982,14.331, 9.399],
[ 9.599,12.478,12.027, 9.240,10.830, 9.979,12.188,11.152,10.067,10.883,11.037,14.133,12.421,13.385,14.249,14.005,13.464,10.826,12.041,13.394,15.564,15.166,13.186,11.855,11.365,13.151,12.487,10.589, 9.293, 8.801,12.148, 8.273],
[10.064,13.860,13.675,10.958,12.398,10.522,13.217,11.254,11.918,11.633,11.427,13.094,11.830,12.849,11.904,12.081,12.853,12.080,12.370,12.159,14.558,14.305,13.052,12.077,12.746,14.375,12.855,10.908, 9.933,10.589,13.163, 9.115],
[ 9.892,15.911,14.059,12.452,12.517,11.557,13.774,12.224,14.005,14.435,13.041,13.480,12.420,14.246,13.312,13.893,13.852,13.293,11.959,11.710,13.086,14.176,13.327,13.465,13.099,14.894,12.560,12.431,11.187,12.878,14.907,10.529],
[ 9.932,15.897,14.405,13.220,12.388,12.125,12.216,11.895,14.190,14.948,14.201,12.981,12.543,12.849,12.302,13.800,14.775,14.950,12.826,11.405,13.260,14.381,15.055,14.248,13.916,14.331,12.696,13.524,13.366,15.040,15.304,10.447],
[10.665,16.744,14.434,12.311,11.053,12.182,12.561,13.177,14.560,16.230,15.565,14.182,13.589,13.239,13.532,14.987,15.532,14.989,13.574,12.188,14.332,14.973,15.998,14.382,12.197,12.581,11.861,13.726,13.626,13.454,12.491, 7.601],
[ 9.946,15.167,13.033,11.643,10.528,12.062,11.606,12.348,12.446,13.016,14.066,13.240,13.949,11.866,12.979,14.121,15.301,14.437,14.514,12.935,14.836,14.361,15.990,15.778,13.076,11.564,10.537,12.194,13.622,13.135,12.092, 7.130],
[ 8.371,13.520,12.672,11.972,12.381,14.853,15.685,15.101,13.006,13.051,13.187,13.612,13.669,13.453,13.914,14.812,13.593,12.256,12.610,12.483,13.824,13.702,14.421,13.885,11.911,11.793,12.395,12.585,13.848,12.414,12.474, 7.062],
[ 8.700,13.380,12.423,12.458,13.715,15.733,16.498,14.879,13.330,11.807,12.725,12.972,14.188,14.241,14.004,14.591,12.525,11.484,11.313,11.696,13.001,12.951,13.143,12.785,12.368,12.839,13.684,12.934,13.354,12.179,13.192, 8.504],
[ 8.476,12.237,12.478,12.530,14.155,14.539,15.585,13.113,13.353,12.389,14.998,14.145,15.061,14.641,14.224,13.039,11.153,11.207,11.408,11.716,11.236,11.624,11.069,10.960,10.929,13.410,14.953,14.401,12.082,11.811,11.941, 8.808],
[ 8.402,11.923,12.558,12.405,12.418,11.670,11.233, 9.133,10.945,11.420,15.950,14.426,16.201,14.454,13.936,11.520,11.699,13.330,13.108,12.802,10.932,11.214,10.285,11.601,10.708,12.406,11.501,12.010, 9.803,10.721,11.373, 8.723],
[ 6.408, 9.939,11.888,12.921,12.709,11.694,11.118, 9.844,10.300,11.093,14.440,14.018,16.194,14.855,15.435,12.016,12.862,14.221,13.779,12.502, 9.358,10.320, 9.915,12.694,11.330,12.396,10.134,10.831, 9.002,10.716,10.775, 8.322],
[ 6.561,10.906,11.166,12.619,11.016,10.465,10.908,11.905,12.997,12.523,13.154,12.269,13.691,13.659,15.527,14.180,14.349,14.613,12.743,11.984, 9.171,10.820,10.481,13.429,12.519,12.787, 9.942,10.494,10.904,12.119,11.121, 7.036],
[ 6.733,11.901,10.693,11.429, 9.782,10.619,13.005,13.772,14.065,11.938,11.532,10.720,12.958,14.270,16.755,14.825,14.586,14.261,14.213,12.885,10.845,11.523,11.199,12.895,12.008,12.963,13.091,14.342,15.144,14.572,12.400, 7.342],
[ 7.444,12.480,10.588,11.414, 9.590,10.851,13.029,13.421,14.662,13.812,14.995,14.580,14.698,15.664,16.771,15.471,15.602,15.168,15.023,14.302,13.472,13.806,12.483,12.130,12.032,12.493,13.947,14.257,15.873,14.740,13.757, 7.841],
[ 4.924, 8.258, 7.433, 7.517, 6.823, 8.263, 9.898, 9.037, 8.860, 8.828,10.376,11.187,11.460,11.990,11.590, 9.650,10.448,10.092,11.001, 9.951,10.577,10.041, 9.092, 7.587, 7.689, 7.790, 9.583, 9.315,10.690, 9.333, 9.756, 5.626]]
Convolution Running time: 0.061024 ms

Convolution method: cuDNN
output:
[[ 5.392, 7.592, 9.317,10.544,12.138, 9.908, 9.844, 9.219, 9.220, 8.662, 7.727, 8.924, 8.508, 8.958, 8.153, 8.013, 9.641, 9.513,10.312, 8.268, 8.747, 8.636, 9.523, 8.658, 7.842, 7.304, 7.409, 7.818, 8.048, 7.483, 8.894, 6.048],
[ 7.893,11.079,14.372,15.373,17.680,15.213,15.325,15.132,13.501,12.020,10.311,12.736,12.956,13.701,13.335,13.878,14.669,13.854,14.769,12.793,13.507,12.744,14.548,12.759,12.317,12.047,13.194,13.066,12.795,12.144,14.068, 9.653],
[ 6.793,10.696,14.399,15.757,17.818,17.338,16.866,16.095,13.176,12.618,10.619,10.770,11.106,12.717,14.834,14.410,14.109,13.612,14.918,14.013,14.155,12.782,15.305,14.407,14.950,13.738,14.744,12.691,11.670,10.620,12.709, 8.820],
[ 8.209,12.582,14.099,14.814,16.584,17.141,16.960,15.297,13.426,12.696,12.017,12.404,13.069,14.331,15.503,16.158,14.937,14.563,13.895,14.658,13.453,13.266,15.281,14.054,13.344,12.333,14.274,14.255,13.956,13.634,14.381, 9.070],
[ 8.859,13.471,12.615,14.242,16.167,17.704,16.769,14.631,12.936,13.594,13.290,13.741,13.811,14.041,15.225,14.624,14.090,13.472,12.783,14.524,12.779,12.904,14.220,14.958,14.267,12.933,13.250,13.976,13.459,13.923,13.248, 8.253],
[ 9.921,13.963,11.937,12.933,15.287,16.241,16.977,15.587,13.733,12.801,11.821,14.152,15.151,15.194,14.802,14.331,12.994,12.478,11.331,14.752,13.632,14.423,13.598,14.023,13.154,13.112,12.411,13.956,13.358,14.908,12.037, 7.349],
[ 8.212,12.349,11.293,12.433,13.795,14.261,14.841,15.589,14.596,14.605,12.084,12.413,12.313,13.254,15.160,14.557,12.666,12.080,11.263,13.665,12.529,12.083,11.384,13.714,14.000,14.173,11.621,11.829, 9.699,10.917,11.111, 8.589],
[ 8.732,13.285,11.722,12.571,12.834,13.204,14.260,15.757,16.354,16.183,13.511,12.044,11.593,13.126,14.944,15.165,14.921,15.331,15.010,15.022,13.801,13.495,13.072,13.979,13.698,14.441,12.886,13.179,11.287,12.165,11.971, 8.601],
[ 9.392,13.811,11.627,12.174,11.202,12.540,11.974,13.679,14.643,14.984,13.882,11.496,11.476,12.602,15.248,15.634,16.061,14.903,15.054,14.301,13.697,12.332,12.874,13.768,15.518,14.921,13.576,12.215,10.632,11.040,13.253,10.039],
[11.192,16.394,14.345,14.251,12.190,13.759,12.670,14.302,13.962,13.977,13.819,12.799,14.232,13.536,13.498,13.080,13.757,13.376,12.606,13.680,14.243,14.593,14.566,13.851,15.324,14.072,14.083,12.904,13.735,13.740,12.794, 7.572],
[10.988,15.596,14.458,13.110,11.585,12.158,12.210,13.275,13.412,12.389,13.187,12.870,13.903,13.182,12.499,12.748,11.476,11.196, 9.219,11.568,11.765,13.831,12.729,13.202,13.242,11.554,11.954,11.247,13.504,12.453,13.523, 8.754],
[10.355,15.839,14.698,13.475,11.132,11.163,11.845,13.486,13.395,12.557,13.363,14.578,14.827,14.098,12.730,13.204,11.483,12.522,10.444,11.679,10.157,12.722,11.251,12.531,11.352,11.764,12.662,13.331,15.374,14.591,14.419, 9.062],
[ 9.374,14.911,13.930,13.272,11.576,11.064,11.891,13.540,13.049,12.859,13.470,15.181,14.377,13.007,12.665,13.992,13.824,15.092,13.981,13.153,10.562,12.026,10.540,12.467,11.201,11.965,12.396,13.865,15.743,15.877,17.104,12.212],
[ 9.811,15.892,15.274,15.087,13.475,12.787,11.573,12.367,11.413,12.002,11.811,13.863,15.112,13.811,13.457,12.074,13.724,14.820,14.235,12.135,10.426,10.773,10.608,11.450,12.873,13.930,13.774,13.657,13.602,13.960,14.564,10.405],
[ 9.012,14.553,14.594,13.568,13.591,14.007,13.542,12.590,10.985,12.597,12.167,13.900,13.816,13.369,12.434,12.106,13.653,13.585,11.939,10.314,11.145,11.253,12.453,12.866,14.095,14.135,14.206,15.673,15.248,15.828,15.405,10.931],
[ 8.257,12.391,11.855,10.468,11.485,12.615,12.299,10.674, 9.535,11.237,10.924,12.777,12.170,13.359,14.119,13.531,13.570,11.121,10.326,10.319,11.974,12.261,12.991,12.730,13.433,14.105,14.805,15.151,13.851,13.573,13.858, 9.322],
[ 7.834,10.820,11.235, 8.701,10.453,11.780,13.019,11.409, 9.281,11.229,11.449,13.769,11.212,13.033,13.652,15.103,13.784,11.370,10.801,12.252,15.047,14.453,13.738,11.975,12.108,13.287,14.435,14.521,13.688,12.982,14.331, 9.399],
[ 9.599,12.478,12.027, 9.240,10.830, 9.979,12.188,11.152,10.067,10.883,11.037,14.133,12.421,13.385,14.249,14.005,13.464,10.826,12.041,13.394,15.564,15.166,13.186,11.855,11.365,13.151,12.487,10.589, 9.293, 8.801,12.148, 8.273],
[10.064,13.860,13.675,10.958,12.398,10.522,13.217,11.254,11.918,11.633,11.427,13.094,11.830,12.849,11.904,12.081,12.853,12.080,12.370,12.159,14.558,14.305,13.052,12.077,12.746,14.375,12.855,10.908, 9.933,10.589,13.163, 9.115],
[ 9.892,15.911,14.059,12.452,12.517,11.557,13.774,12.224,14.005,14.435,13.041,13.480,12.420,14.246,13.312,13.893,13.852,13.293,11.959,11.710,13.086,14.176,13.327,13.465,13.099,14.894,12.560,12.431,11.187,12.878,14.907,10.529],
[ 9.932,15.897,14.405,13.220,12.388,12.125,12.216,11.895,14.190,14.948,14.201,12.981,12.543,12.849,12.302,13.800,14.775,14.950,12.826,11.405,13.260,14.381,15.055,14.248,13.916,14.331,12.696,13.524,13.366,15.040,15.304,10.447],
[10.665,16.744,14.434,12.311,11.053,12.182,12.561,13.177,14.560,16.230,15.565,14.182,13.589,13.239,13.532,14.987,15.532,14.989,13.574,12.188,14.332,14.973,15.998,14.382,12.197,12.581,11.861,13.726,13.626,13.454,12.491, 7.601],
[ 9.946,15.167,13.033,11.643,10.528,12.062,11.606,12.348,12.446,13.016,14.066,13.240,13.949,11.866,12.979,14.121,15.301,14.437,14.514,12.935,14.836,14.361,15.990,15.778,13.076,11.564,10.537,12.194,13.622,13.135,12.092, 7.130],
[ 8.371,13.520,12.672,11.972,12.381,14.853,15.685,15.101,13.006,13.051,13.187,13.612,13.669,13.453,13.914,14.812,13.593,12.256,12.610,12.483,13.824,13.702,14.421,13.885,11.911,11.793,12.395,12.585,13.848,12.414,12.474, 7.062],
[ 8.700,13.380,12.423,12.458,13.715,15.733,16.498,14.879,13.330,11.807,12.725,12.972,14.188,14.241,14.004,14.591,12.525,11.484,11.313,11.696,13.001,12.951,13.143,12.785,12.368,12.839,13.684,12.934,13.354,12.179,13.192, 8.504],
[ 8.476,12.237,12.478,12.530,14.155,14.539,15.585,13.113,13.353,12.389,14.998,14.145,15.061,14.641,14.224,13.039,11.153,11.207,11.408,11.716,11.236,11.624,11.069,10.960,10.929,13.410,14.953,14.401,12.082,11.811,11.941, 8.808],
[ 8.402,11.923,12.558,12.405,12.418,11.670,11.233, 9.133,10.945,11.420,15.950,14.426,16.201,14.454,13.936,11.520,11.699,13.330,13.108,12.802,10.932,11.214,10.285,11.601,10.708,12.406,11.501,12.010, 9.803,10.721,11.373, 8.723],
[ 6.408, 9.939,11.888,12.921,12.709,11.694,11.118, 9.844,10.300,11.093,14.440,14.018,16.194,14.855,15.435,12.016,12.862,14.221,13.779,12.502, 9.358,10.320, 9.915,12.694,11.330,12.396,10.134,10.831, 9.002,10.716,10.775, 8.322],
[ 6.561,10.906,11.166,12.619,11.016,10.465,10.908,11.905,12.997,12.523,13.154,12.269,13.691,13.659,15.527,14.180,14.349,14.613,12.743,11.984, 9.171,10.820,10.481,13.429,12.519,12.787, 9.942,10.494,10.904,12.119,11.121, 7.036],
[ 6.733,11.901,10.693,11.429, 9.782,10.619,13.005,13.772,14.065,11.938,11.532,10.720,12.958,14.270,16.755,14.825,14.586,14.261,14.213,12.885,10.845,11.523,11.199,12.895,12.008,12.963,13.091,14.342,15.144,14.572,12.400, 7.342],
[ 7.444,12.480,10.588,11.414, 9.590,10.851,13.029,13.421,14.662,13.812,14.995,14.580,14.698,15.664,16.771,15.471,15.602,15.168,15.023,14.302,13.472,13.806,12.483,12.130,12.032,12.493,13.947,14.257,15.873,14.740,13.757, 7.841],
[ 4.924, 8.258, 7.433, 7.517, 6.823, 8.263, 9.898, 9.037, 8.860, 8.828,10.376,11.187,11.460,11.990,11.590, 9.650,10.448,10.092,11.001, 9.951,10.577,10.041, 9.092, 7.587, 7.689, 7.790, 9.583, 9.315,10.690, 9.333, 9.756, 5.626]]
Convolution Running time: 0.120608 ms

stride: 2, padding: 0, output size: 15
thread block: 32 x 32
Convolution method: Slide
output:
[[11.079,15.373,15.213,15.132,12.020,12.736,13.701,13.878,13.854,12.793,12.744,12.759,12.047,13.066,12.144],
[12.582,14.814,17.141,15.297,12.696,12.404,14.331,16.158,14.563,14.658,13.266,14.054,12.333,14.255,13.634],
[13.963,12.933,16.241,15.587,12.801,14.152,15.194,14.331,12.478,14.752,14.423,14.023,13.112,13.956,14.908],
[13.285,12.571,13.204,15.757,16.183,12.044,13.126,15.165,15.331,15.022,13.495,13.979,14.441,13.179,12.165],
[16.394,14.251,13.759,14.302,13.977,12.799,13.536,13.080,13.376,13.680,14.593,13.851,14.072,12.904,13.740],
[15.839,13.475,11.163,13.486,12.557,14.578,14.098,13.204,12.522,11.679,12.722,12.531,11.764,13.331,14.591],
[15.892,15.087,12.787,12.367,12.002,13.863,13.811,12.074,14.820,12.135,10.773,11.450,13.930,13.657,13.960],
[12.391,10.468,12.615,10.674,11.237,12.777,13.359,13.531,11.121,10.319,12.261,12.730,14.105,15.151,13.573],
[12.478, 9.240, 9.979,11.152,10.883,14.133,13.385,14.005,10.826,13.394,15.166,11.855,13.151,10.589, 8.801],
[15.911,12.452,11.557,12.224,14.435,13.480,14.246,13.893,13.293,11.710,14.176,13.465,14.894,12.431,12.878],
[16.744,12.311,12.182,13.177,16.230,14.182,13.239,14.987,14.989,12.188,14.973,14.382,12.581,13.726,13.454],
[13.520,11.972,14.853,15.101,13.051,13.612,13.453,14.812,12.256,12.483,13.702,13.885,11.793,12.585,12.414],
[12.237,12.530,14.539,13.113,12.389,14.145,14.641,13.039,11.207,11.716,11.624,10.960,13.410,14.401,11.811],
[ 9.939,12.921,11.694, 9.844,11.093,14.018,14.855,12.016,14.221,12.502,10.320,12.694,12.396,10.831,10.716],
[11.901,11.429,10.619,13.772,11.938,10.720,14.270,14.825,14.261,12.885,11.523,12.895,12.963,14.342,14.572]]
Convolution Running time: 0.06368 ms

Convolution method: im2col
im2col shape: (27, 225)
output:
[[11.079,15.373,15.213,15.132,12.020,12.736,13.701,13.878,13.854,12.793,12.744,12.759,12.047,13.066,12.144],
[12.582,14.814,17.141,15.297,12.696,12.404,14.331,16.158,14.563,14.658,13.266,14.054,12.333,14.255,13.634],
[13.963,12.933,16.241,15.587,12.801,14.152,15.194,14.331,12.478,14.752,14.423,14.023,13.112,13.956,14.908],
[13.285,12.571,13.204,15.757,16.183,12.044,13.126,15.165,15.331,15.022,13.495,13.979,14.441,13.179,12.165],
[16.394,14.251,13.759,14.302,13.977,12.799,13.536,13.080,13.376,13.680,14.593,13.851,14.072,12.904,13.740],
[15.839,13.475,11.163,13.486,12.557,14.578,14.098,13.204,12.522,11.679,12.722,12.531,11.764,13.331,14.591],
[15.892,15.087,12.787,12.367,12.002,13.863,13.811,12.074,14.820,12.135,10.773,11.450,13.930,13.657,13.960],
[12.391,10.468,12.615,10.674,11.237,12.777,13.359,13.531,11.121,10.319,12.261,12.730,14.105,15.151,13.573],
[12.478, 9.240, 9.979,11.152,10.883,14.133,13.385,14.005,10.826,13.394,15.166,11.855,13.151,10.589, 8.801],
[15.911,12.452,11.557,12.224,14.435,13.480,14.246,13.893,13.293,11.710,14.176,13.465,14.894,12.431,12.878],
[16.744,12.311,12.182,13.177,16.230,14.182,13.239,14.987,14.989,12.188,14.973,14.382,12.581,13.726,13.454],
[13.520,11.972,14.853,15.101,13.051,13.612,13.453,14.812,12.256,12.483,13.702,13.885,11.793,12.585,12.414],
[12.237,12.530,14.539,13.113,12.389,14.145,14.641,13.039,11.207,11.716,11.624,10.960,13.410,14.401,11.811],
[ 9.939,12.921,11.694, 9.844,11.093,14.018,14.855,12.016,14.221,12.502,10.320,12.694,12.396,10.831,10.716],
[11.901,11.429,10.619,13.772,11.938,10.720,14.270,14.825,14.261,12.885,11.523,12.895,12.963,14.342,14.572]]
Convolution Running time: 0.05568 ms

Convolution method: cuDNN
output:
[[11.079,15.373,15.213,15.132,12.020,12.736,13.701,13.878,13.854,12.793,12.744,12.759,12.047,13.066,12.144],
[12.582,14.814,17.141,15.297,12.696,12.404,14.331,16.158,14.563,14.658,13.266,14.054,12.333,14.255,13.634],
[13.963,12.933,16.241,15.587,12.801,14.152,15.194,14.331,12.478,14.752,14.423,14.023,13.112,13.956,14.908],
[13.285,12.571,13.204,15.757,16.183,12.044,13.126,15.165,15.331,15.022,13.495,13.979,14.441,13.179,12.165],
[16.394,14.251,13.759,14.302,13.977,12.799,13.536,13.080,13.376,13.680,14.593,13.851,14.072,12.904,13.740],
[15.839,13.475,11.163,13.486,12.557,14.578,14.098,13.204,12.522,11.679,12.722,12.531,11.764,13.331,14.591],
[15.892,15.087,12.787,12.367,12.002,13.863,13.811,12.074,14.820,12.135,10.773,11.450,13.930,13.657,13.960],
[12.391,10.468,12.615,10.674,11.237,12.777,13.359,13.531,11.121,10.319,12.261,12.730,14.105,15.151,13.573],
[12.478, 9.240, 9.979,11.152,10.883,14.133,13.385,14.005,10.826,13.394,15.166,11.855,13.151,10.589, 8.801],
[15.911,12.452,11.557,12.224,14.435,13.480,14.246,13.893,13.293,11.710,14.176,13.465,14.894,12.431,12.878],
[16.744,12.311,12.182,13.177,16.230,14.182,13.239,14.987,14.989,12.188,14.973,14.382,12.581,13.726,13.454],
[13.520,11.972,14.853,15.101,13.051,13.612,13.453,14.812,12.256,12.483,13.702,13.885,11.793,12.585,12.414],
[12.237,12.530,14.539,13.113,12.389,14.145,14.641,13.039,11.207,11.716,11.624,10.960,13.410,14.401,11.811],
[ 9.939,12.921,11.694, 9.844,11.093,14.018,14.855,12.016,14.221,12.502,10.320,12.694,12.396,10.831,10.716],
[11.901,11.429,10.619,13.772,11.938,10.720,14.270,14.825,14.261,12.885,11.523,12.895,12.963,14.342,14.572]]
Convolution Running time: 0.011456 ms

stride: 3, padding: 0, output size: 10
thread block: 32 x 32
Convolution method: Slide
output:
[[11.079,17.680,15.132,10.311,13.701,14.669,12.793,14.548,12.047,12.795],
[13.471,16.167,14.631,13.290,14.041,14.090,14.524,14.220,12.933,13.459],
[13.285,12.834,15.757,13.511,13.126,14.921,15.022,13.072,14.441,11.287],
[15.596,11.585,13.275,13.187,13.182,11.476,11.568,12.729,11.554,13.504],
[15.892,13.475,12.367,11.811,13.811,13.724,12.135,10.608,13.930,13.602],
[10.820,10.453,11.409,11.449,13.033,13.784,12.252,13.738,13.287,13.688],
[15.911,12.517,12.224,13.041,14.246,13.852,11.710,13.327,14.894,11.187],
[15.167,10.528,12.348,14.066,11.866,15.301,12.935,15.990,11.564,13.622],
[12.237,14.155,13.113,14.998,14.641,11.153,11.716,11.069,13.410,12.082],
[10.906,11.016,11.905,13.154,13.659,14.349,11.984,10.481,12.787,10.904]]
Convolution Running time: 0.046976 ms

Convolution method: im2col
im2col shape: (27, 100)
output:
[[11.079,17.680,15.132,10.311,13.701,14.669,12.793,14.548,12.047,12.795],
[13.471,16.167,14.631,13.290,14.041,14.090,14.524,14.220,12.933,13.459],
[13.285,12.834,15.757,13.511,13.126,14.921,15.022,13.072,14.441,11.287],
[15.596,11.585,13.275,13.187,13.182,11.476,11.568,12.729,11.554,13.504],
[15.892,13.475,12.367,11.811,13.811,13.724,12.135,10.608,13.930,13.602],
[10.820,10.453,11.409,11.449,13.033,13.784,12.252,13.738,13.287,13.688],
[15.911,12.517,12.224,13.041,14.246,13.852,11.710,13.327,14.894,11.187],
[15.167,10.528,12.348,14.066,11.866,15.301,12.935,15.990,11.564,13.622],
[12.237,14.155,13.113,14.998,14.641,11.153,11.716,11.069,13.410,12.082],
[10.906,11.016,11.905,13.154,13.659,14.349,11.984,10.481,12.787,10.904]]
Convolution Running time: 0.054144 ms

Convolution method: cuDNN
output:
[[11.079,17.680,15.132,10.311,13.701,14.669,12.793,14.548,12.047,12.795],
[13.471,16.167,14.631,13.290,14.041,14.090,14.524,14.220,12.933,13.459],
[13.285,12.834,15.757,13.511,13.126,14.921,15.022,13.072,14.441,11.287],
[15.596,11.585,13.275,13.187,13.182,11.476,11.568,12.729,11.554,13.504],
[15.892,13.475,12.367,11.811,13.811,13.724,12.135,10.608,13.930,13.602],
[10.820,10.453,11.409,11.449,13.033,13.784,12.252,13.738,13.287,13.688],
[15.911,12.517,12.224,13.041,14.246,13.852,11.710,13.327,14.894,11.187],
[15.167,10.528,12.348,14.066,11.866,15.301,12.935,15.990,11.564,13.622],
[12.237,14.155,13.113,14.998,14.641,11.153,11.716,11.069,13.410,12.082],
[10.906,11.016,11.905,13.154,13.659,14.349,11.984,10.481,12.787,10.904]]
Convolution Running time: 0.011872 ms

