======input size: 256 x 256======
stride: 1, padding: 1, output size: 256
thread block: 32 x 32
Convolution method: Slide
output corner:
[
[ 8.000 ,11.790 ,11.036 , 9.659 , 8.452 , 9.923 ,11.746 ,11.671 ],
[10.908 , 8.713 , 9.166 , 8.401 , 8.873 , 9.053 , 9.557 ,10.295 ],
[10.004 , 9.381 , 9.637 ,10.062 ,10.065 ,10.178 , 8.973 ,10.288 ],
[ 9.806 ,11.016 , 9.273 , 8.385 , 8.435 , 7.846 , 8.203 , 8.595 ],
[ 7.948 , 7.893 , 6.463 , 8.170 , 7.683 , 8.568 , 7.230 , 9.136 ],
[ 9.219 , 9.229 , 8.906 , 9.998 ,10.256 , 9.665 , 8.237 ,10.200 ],
[10.609 ,11.423 ,10.210 , 9.323 , 8.092 , 7.807 , 8.857 , 8.564 ],
[ 8.437 , 6.458 , 7.672 , 8.510 , 9.147 , 8.381 , 7.266 , 7.489 ]]
Convolution Running time: 0.33152 ms

Convolution method: im2col
im2col shape: (27, 65536)
output corner:
[
[ 8.000 ,11.790 ,11.036 , 9.659 , 8.452 , 9.923 ,11.746 ,11.671 ],
[10.908 , 8.713 , 9.166 , 8.401 , 8.873 , 9.053 , 9.557 ,10.295 ],
[10.004 , 9.381 , 9.637 ,10.062 ,10.065 ,10.178 , 8.973 ,10.288 ],
[ 9.806 ,11.016 , 9.273 , 8.385 , 8.435 , 7.846 , 8.203 , 8.595 ],
[ 7.948 , 7.893 , 6.463 , 8.170 , 7.683 , 8.568 , 7.230 , 9.136 ],
[ 9.219 , 9.229 , 8.906 , 9.998 ,10.256 , 9.665 , 8.237 ,10.200 ],
[10.609 ,11.423 ,10.210 , 9.323 , 8.092 , 7.807 , 8.857 , 8.564 ],
[ 8.437 , 6.458 , 7.672 , 8.510 , 9.147 , 8.381 , 7.266 , 7.489 ]]
Convolution Running time: 0.811232 ms

Convolution method: cuDNN
output corner:
[
[ 8.000 ,11.790 ,11.036 , 9.659 , 8.452 , 9.923 ,11.746 ,11.671 ],
[10.908 , 8.713 , 9.166 , 8.401 , 8.873 , 9.053 , 9.557 ,10.295 ],
[10.004 , 9.381 , 9.637 ,10.062 ,10.065 ,10.178 , 8.973 ,10.288 ],
[ 9.806 ,11.016 , 9.273 , 8.385 , 8.435 , 7.846 , 8.203 , 8.595 ],
[ 7.948 , 7.893 , 6.463 , 8.170 , 7.683 , 8.568 , 7.230 , 9.136 ],
[ 9.219 , 9.229 , 8.906 , 9.998 ,10.256 , 9.665 , 8.237 ,10.200 ],
[10.609 ,11.423 ,10.210 , 9.323 , 8.092 , 7.807 , 8.857 , 8.564 ],
[ 8.437 , 6.458 , 7.672 , 8.510 , 9.147 , 8.381 , 7.266 , 7.489 ]]
Convolution Running time: 0.080672 ms

stride: 2, padding: 0, output size: 127
thread block: 32 x 32
Convolution method: Slide
output corner:
[
[15.061 ,14.646 ,15.075 ,15.139 ,12.040 ,14.042 ,13.699 ,15.469 ],
[15.248 ,14.408 ,16.129 ,13.591 ,15.077 ,11.670 ,11.927 ,13.689 ],
[12.257 ,13.301 ,13.127 ,14.409 ,12.418 ,15.563 ,14.418 ,14.771 ],
[15.436 ,12.327 ,11.234 ,13.239 ,11.227 ,13.739 ,13.164 ,11.637 ],
[12.410 ,11.869 ,12.116 ,13.501 ,12.117 ,13.974 ,14.029 ,13.661 ],
[14.781 ,12.808 ,14.909 ,13.022 ,12.801 ,14.140 ,15.889 ,13.335 ],
[12.593 ,14.694 ,11.341 ,14.948 ,15.901 ,14.559 ,15.870 ,14.332 ],
[13.048 ,13.583 ,14.383 ,13.513 ,13.967 ,13.526 ,16.492 ,12.802 ]]
Convolution Running time: 0.084192 ms

Convolution method: im2col
im2col shape: (27, 16129)
output corner:
[
[15.061 ,14.646 ,15.075 ,15.139 ,12.040 ,14.042 ,13.699 ,15.469 ],
[15.248 ,14.408 ,16.129 ,13.591 ,15.077 ,11.670 ,11.927 ,13.689 ],
[12.257 ,13.301 ,13.127 ,14.409 ,12.418 ,15.563 ,14.418 ,14.771 ],
[15.436 ,12.327 ,11.234 ,13.239 ,11.227 ,13.739 ,13.164 ,11.637 ],
[12.410 ,11.869 ,12.116 ,13.501 ,12.117 ,13.974 ,14.029 ,13.661 ],
[14.781 ,12.808 ,14.909 ,13.022 ,12.801 ,14.140 ,15.889 ,13.335 ],
[12.593 ,14.694 ,11.341 ,14.948 ,15.901 ,14.559 ,15.870 ,14.332 ],
[13.048 ,13.583 ,14.383 ,13.513 ,13.967 ,13.526 ,16.492 ,12.802 ]]
Convolution Running time: 0.234048 ms

Convolution method: cuDNN
output corner:
[
[15.061 ,14.646 ,15.075 ,15.139 ,12.040 ,14.042 ,13.699 ,15.469 ],
[15.248 ,14.408 ,16.129 ,13.591 ,15.077 ,11.670 ,11.927 ,13.689 ],
[12.257 ,13.301 ,13.127 ,14.409 ,12.418 ,15.563 ,14.418 ,14.771 ],
[15.436 ,12.327 ,11.234 ,13.239 ,11.227 ,13.739 ,13.164 ,11.637 ],
[12.410 ,11.869 ,12.116 ,13.501 ,12.117 ,13.974 ,14.029 ,13.661 ],
[14.781 ,12.808 ,14.909 ,13.022 ,12.801 ,14.140 ,15.889 ,13.335 ],
[12.593 ,14.694 ,11.341 ,14.948 ,15.901 ,14.559 ,15.870 ,14.332 ],
[13.048 ,13.583 ,14.383 ,13.513 ,13.967 ,13.526 ,16.492 ,12.802 ]]
Convolution Running time: 0.018912 ms

stride: 3, padding: 1, output size: 86
thread block: 32 x 32
Convolution method: Slide
output corner:
[
[ 8.000 , 9.659 ,11.746 , 8.713 , 8.873 ,10.295 , 9.637 ,10.178 ],
[ 9.806 , 8.385 , 8.203 , 7.893 , 7.683 , 9.136 , 8.906 , 9.665 ],
[10.609 , 9.323 , 8.857 , 6.458 , 9.147 , 7.489 , 9.039 , 8.071 ],
[ 6.889 , 9.056 , 8.498 ,10.894 ,10.285 , 9.094 , 9.357 , 9.562 ],
[ 7.145 ,10.115 , 8.051 ,11.573 , 8.524 , 9.248 , 8.853 , 8.963 ],
[ 9.096 , 9.860 , 8.942 , 9.251 , 9.461 , 7.172 , 8.762 , 8.348 ],
[ 7.794 , 7.853 , 8.615 , 7.520 ,10.160 ,10.415 , 8.148 , 6.450 ],
[10.239 ,10.433 , 7.861 , 9.416 , 8.218 , 9.996 ,11.028 ,10.385 ]]
Convolution Running time: 0.049664 ms

Convolution method: im2col
im2col shape: (27, 7396)
output corner:
[
[ 8.000 , 9.659 ,11.746 , 8.713 , 8.873 ,10.295 , 9.637 ,10.178 ],
[ 9.806 , 8.385 , 8.203 , 7.893 , 7.683 , 9.136 , 8.906 , 9.665 ],
[10.609 , 9.323 , 8.857 , 6.458 , 9.147 , 7.489 , 9.039 , 8.071 ],
[ 6.889 , 9.056 , 8.498 ,10.894 ,10.285 , 9.094 , 9.357 , 9.562 ],
[ 7.145 ,10.115 , 8.051 ,11.573 , 8.524 , 9.248 , 8.853 , 8.963 ],
[ 9.096 , 9.860 , 8.942 , 9.251 , 9.461 , 7.172 , 8.762 , 8.348 ],
[ 7.794 , 7.853 , 8.615 , 7.520 ,10.160 ,10.415 , 8.148 , 6.450 ],
[10.239 ,10.433 , 7.861 , 9.416 , 8.218 , 9.996 ,11.028 ,10.385 ]]
Convolution Running time: 0.126016 ms

Convolution method: cuDNN
output corner:
[
[ 8.000 , 9.659 ,11.746 , 8.713 , 8.873 ,10.295 , 9.637 ,10.178 ],
[ 9.806 , 8.385 , 8.203 , 7.893 , 7.683 , 9.136 , 8.906 , 9.665 ],
[10.609 , 9.323 , 8.857 , 6.458 , 9.147 , 7.489 , 9.039 , 8.071 ],
[ 6.889 , 9.056 , 8.498 ,10.894 ,10.285 , 9.094 , 9.357 , 9.562 ],
[ 7.145 ,10.115 , 8.051 ,11.573 , 8.524 , 9.248 , 8.853 , 8.963 ],
[ 9.096 , 9.860 , 8.942 , 9.251 , 9.461 , 7.172 , 8.762 , 8.348 ],
[ 7.794 , 7.853 , 8.615 , 7.520 ,10.160 ,10.415 , 8.148 , 6.450 ],
[10.239 ,10.433 , 7.861 , 9.416 , 8.218 , 9.996 ,11.028 ,10.385 ]]
Convolution Running time: 0.008832 ms

