======input size: 64 x 64======
stride: 1, padding: 1, output size: 64
thread block: 32 x 32
Convolution method: Slide
output corner:
[
[ 6.660 , 9.730 ,10.391 , 9.406 , 9.350 , 9.533 , 9.904 , 8.945 ],
[ 8.857 , 9.073 ,10.083 , 9.849 , 9.245 , 8.578 , 9.893 , 9.416 ],
[10.042 , 9.805 ,10.340 ,10.248 , 9.174 , 8.415 , 7.765 , 9.242 ],
[ 8.873 ,10.304 , 9.146 ,10.086 , 8.577 , 9.150 , 8.333 , 9.708 ],
[ 8.229 , 9.304 , 8.585 , 9.908 , 8.558 , 7.394 , 7.776 , 7.557 ],
[ 9.746 , 9.464 ,12.120 ,11.802 , 9.468 , 8.948 , 9.314 , 9.967 ],
[ 9.547 , 8.413 , 9.600 , 9.078 , 8.098 , 7.965 , 6.949 , 7.298 ],
[ 6.972 , 9.079 , 9.635 , 9.163 , 7.496 , 8.992 ,10.088 , 7.602 ]]
Convolution Running time: 0.158176 ms

Convolution method: im2col
im2col shape: (27, 4096)
output corner:
[
[ 6.660 , 9.730 ,10.391 , 9.406 , 9.350 , 9.533 , 9.904 , 8.945 ],
[ 8.857 , 9.073 ,10.083 , 9.849 , 9.245 , 8.578 , 9.893 , 9.416 ],
[10.042 , 9.805 ,10.340 ,10.248 , 9.174 , 8.415 , 7.765 , 9.242 ],
[ 8.873 ,10.304 , 9.146 ,10.086 , 8.577 , 9.150 , 8.333 , 9.708 ],
[ 8.229 , 9.304 , 8.585 , 9.908 , 8.558 , 7.394 , 7.776 , 7.557 ],
[ 9.746 , 9.464 ,12.120 ,11.802 , 9.468 , 8.948 , 9.314 , 9.967 ],
[ 9.547 , 8.413 , 9.600 , 9.078 , 8.098 , 7.965 , 6.949 , 7.298 ],
[ 6.972 , 9.079 , 9.635 , 9.163 , 7.496 , 8.992 ,10.088 , 7.602 ]]
Convolution Running time: 0.11536 ms

Convolution method: cuDNN
output corner:
[
[ 6.660 , 9.730 ,10.391 , 9.406 , 9.350 , 9.533 , 9.904 , 8.945 ],
[ 8.857 , 9.073 ,10.083 , 9.849 , 9.245 , 8.578 , 9.893 , 9.416 ],
[10.042 , 9.805 ,10.340 ,10.248 , 9.174 , 8.415 , 7.765 , 9.242 ],
[ 8.873 ,10.304 , 9.146 ,10.086 , 8.577 , 9.150 , 8.333 , 9.708 ],
[ 8.229 , 9.304 , 8.585 , 9.908 , 8.558 , 7.394 , 7.776 , 7.557 ],
[ 9.746 , 9.464 ,12.120 ,11.802 , 9.468 , 8.948 , 9.314 , 9.967 ],
[ 9.547 , 8.413 , 9.600 , 9.078 , 8.098 , 7.965 , 6.949 , 7.298 ],
[ 6.972 , 9.079 , 9.635 , 9.163 , 7.496 , 8.992 ,10.088 , 7.602 ]]
Convolution Running time: 0.082624 ms

stride: 2, padding: 0, output size: 31
thread block: 32 x 32
Convolution method: Slide
output corner:
[
[15.534 ,14.635 ,14.053 ,13.217 ,12.964 ,13.649 ,12.938 ,13.039 ],
[15.711 ,15.591 ,12.147 ,13.582 ,16.272 ,14.812 ,14.565 ,13.914 ],
[13.315 ,14.225 ,11.621 ,10.536 ,13.026 ,16.313 ,14.036 ,13.680 ],
[12.190 ,12.951 ,13.200 ,12.904 ,13.220 ,12.578 ,12.568 ,16.327 ],
[15.492 ,14.496 ,11.411 ,12.372 ,12.498 ,13.570 ,12.121 ,14.155 ],
[16.853 ,11.361 ,15.704 ,16.158 ,14.721 ,16.284 ,12.956 ,10.518 ],
[12.818 ,13.448 ,12.056 ,11.768 ,11.303 ,13.562 ,13.829 ,12.717 ],
[12.990 ,14.149 ,12.610 ,10.513 ,11.844 ,12.010 ,13.099 ,12.932 ]]
Convolution Running time: 0.06736 ms

Convolution method: im2col
im2col shape: (27, 961)
output corner:
[
[15.534 ,14.635 ,14.053 ,13.217 ,12.964 ,13.649 ,12.938 ,13.039 ],
[15.711 ,15.591 ,12.147 ,13.582 ,16.272 ,14.812 ,14.565 ,13.914 ],
[13.315 ,14.225 ,11.621 ,10.536 ,13.026 ,16.313 ,14.036 ,13.680 ],
[12.190 ,12.951 ,13.200 ,12.904 ,13.220 ,12.578 ,12.568 ,16.327 ],
[15.492 ,14.496 ,11.411 ,12.372 ,12.498 ,13.570 ,12.121 ,14.155 ],
[16.853 ,11.361 ,15.704 ,16.158 ,14.721 ,16.284 ,12.956 ,10.518 ],
[12.818 ,13.448 ,12.056 ,11.768 ,11.303 ,13.562 ,13.829 ,12.717 ],
[12.990 ,14.149 ,12.610 ,10.513 ,11.844 ,12.010 ,13.099 ,12.932 ]]
Convolution Running time: 0.059136 ms

Convolution method: cuDNN
output corner:
[
[15.534 ,14.635 ,14.053 ,13.217 ,12.964 ,13.649 ,12.938 ,13.039 ],
[15.711 ,15.591 ,12.147 ,13.582 ,16.272 ,14.812 ,14.565 ,13.914 ],
[13.315 ,14.225 ,11.621 ,10.536 ,13.026 ,16.313 ,14.036 ,13.680 ],
[12.190 ,12.951 ,13.200 ,12.904 ,13.220 ,12.578 ,12.568 ,16.327 ],
[15.492 ,14.496 ,11.411 ,12.372 ,12.498 ,13.570 ,12.121 ,14.155 ],
[16.853 ,11.361 ,15.704 ,16.158 ,14.721 ,16.284 ,12.956 ,10.518 ],
[12.818 ,13.448 ,12.056 ,11.768 ,11.303 ,13.562 ,13.829 ,12.717 ],
[12.990 ,14.149 ,12.610 ,10.513 ,11.844 ,12.010 ,13.099 ,12.932 ]]
Convolution Running time: 0.008832 ms

stride: 3, padding: 1, output size: 22
thread block: 32 x 32
Convolution method: Slide
output corner:
[
[ 6.660 , 9.406 , 9.904 , 9.073 , 9.245 , 9.416 ,10.340 , 8.415 ],
[ 8.873 ,10.086 , 8.333 , 9.304 , 8.558 , 7.557 ,12.120 , 8.948 ],
[ 9.547 , 9.078 , 6.949 , 9.079 , 7.496 , 7.602 ,11.690 ,15.492 ],
[12.435 ,12.372 ,13.088 ,12.121 ,17.114 ,11.361 ,18.375 ,14.721 ],
[14.771 ,10.518 ,13.622 ,12.056 ,10.462 ,13.562 ,14.857 ,12.990 ],
[14.674 ,10.513 ,10.839 , 8.134 , 7.930 ,13.301 ,14.212 ,11.977 ],
[13.350 ,15.976 ,11.911 ,15.786 ,13.877 ,11.686 ,13.471 ,13.156 ],
[12.392 ,16.633 ,11.256 ,13.869 ,11.719 ,11.844 ,14.293 ,11.209 ]]
Convolution Running time: 0.048992 ms

Convolution method: im2col
im2col shape: (27, 484)
output corner:
[
[ 6.660 , 9.406 , 9.904 , 9.073 , 9.245 , 9.416 ,10.340 , 8.415 ],
[ 8.873 ,10.086 , 8.333 , 9.304 , 8.558 , 7.557 ,12.120 , 8.948 ],
[ 9.547 , 9.078 , 6.949 , 9.079 , 7.496 , 7.602 ,11.690 ,15.492 ],
[12.435 ,12.372 ,13.088 ,12.121 ,17.114 ,11.361 ,18.375 ,14.721 ],
[14.771 ,10.518 ,13.622 ,12.056 ,10.462 ,13.562 ,14.857 ,12.990 ],
[14.674 ,10.513 ,10.839 , 8.134 , 7.930 ,13.301 ,14.212 ,11.977 ],
[13.350 ,15.976 ,11.911 ,15.786 ,13.877 ,11.686 ,13.471 ,13.156 ],
[12.392 ,16.633 ,11.256 ,13.869 ,11.719 ,11.844 ,14.293 ,11.209 ]]
Convolution Running time: 0.051968 ms

Convolution method: cuDNN
output corner:
[
[ 6.660 , 9.406 , 9.904 , 9.073 , 9.245 , 9.416 ,10.340 , 8.415 ],
[ 8.873 ,10.086 , 8.333 , 9.304 , 8.558 , 7.557 ,12.120 , 8.948 ],
[ 9.547 , 9.078 , 6.949 , 9.079 , 7.496 , 7.602 ,11.690 ,15.492 ],
[12.435 ,12.372 ,13.088 ,12.121 ,17.114 ,11.361 ,18.375 ,14.721 ],
[14.771 ,10.518 ,13.622 ,12.056 ,10.462 ,13.562 ,14.857 ,12.990 ],
[14.674 ,10.513 ,10.839 , 8.134 , 7.930 ,13.301 ,14.212 ,11.977 ],
[13.350 ,15.976 ,11.911 ,15.786 ,13.877 ,11.686 ,13.471 ,13.156 ],
[12.392 ,16.633 ,11.256 ,13.869 ,11.719 ,11.844 ,14.293 ,11.209 ]]
Convolution Running time: 0.008384 ms

