======input size: 32 x 32======
stride: 1, padding: 1, output size: 32
thread block: 32 x 32
Convolution method: Slide
output corner:
[
[ 7.142 , 8.957 , 9.889 , 8.215 ,11.460 ,10.690 ,10.823 , 8.651 ],
[ 8.867 , 8.627 , 8.290 , 8.151 , 7.970 , 9.441 , 9.355 , 8.962 ],
[ 7.765 , 7.077 , 8.021 , 8.394 , 9.982 , 9.984 ,11.345 ,10.343 ],
[10.510 , 9.064 , 8.976 , 9.160 ,10.210 ,11.061 , 9.364 , 5.202 ],
[ 9.620 ,12.959 ,14.057 ,12.655 ,16.632 ,16.738 ,16.177 ,13.659 ],
[13.028 ,12.609 ,12.118 ,13.502 ,12.333 ,13.845 ,13.281 ,13.861 ],
[13.003 ,11.953 ,13.526 ,12.765 ,14.887 ,15.083 ,17.045 ,15.293 ],
[15.765 ,14.731 ,15.075 ,14.314 ,13.978 ,15.333 ,13.815 , 9.023 ]]
Convolution Running time: 0.163232 ms

Convolution method: im2col
im2col shape: (27, 1024)
output corner:
[
[ 7.142 , 8.957 , 9.889 , 8.215 ,11.460 ,10.690 ,10.823 , 8.651 ],
[ 8.867 , 8.627 , 8.290 , 8.151 , 7.970 , 9.441 , 9.355 , 8.962 ],
[ 7.765 , 7.077 , 8.021 , 8.394 , 9.982 , 9.984 ,11.345 ,10.343 ],
[10.510 , 9.064 , 8.976 , 9.160 ,10.210 ,11.061 , 9.364 , 5.202 ],
[ 9.620 ,12.959 ,14.057 ,12.655 ,16.632 ,16.738 ,16.177 ,13.659 ],
[13.028 ,12.609 ,12.118 ,13.502 ,12.333 ,13.845 ,13.281 ,13.861 ],
[13.003 ,11.953 ,13.526 ,12.765 ,14.887 ,15.083 ,17.045 ,15.293 ],
[15.765 ,14.731 ,15.075 ,14.314 ,13.978 ,15.333 ,13.815 , 9.023 ]]
Convolution Running time: 0.056064 ms

Convolution method: cuDNN
output corner:
[
[ 7.142 , 8.957 , 9.889 , 8.215 ,11.460 ,10.690 ,10.823 , 8.651 ],
[ 8.867 , 8.627 , 8.290 , 8.151 , 7.970 , 9.441 , 9.355 , 8.962 ],
[ 7.765 , 7.077 , 8.021 , 8.394 , 9.982 , 9.984 ,11.345 ,10.343 ],
[10.510 , 9.064 , 8.976 , 9.160 ,10.210 ,11.061 , 9.364 , 5.202 ],
[ 9.620 ,12.959 ,14.057 ,12.655 ,16.632 ,16.738 ,16.177 ,13.659 ],
[13.028 ,12.609 ,12.118 ,13.502 ,12.333 ,13.845 ,13.281 ,13.861 ],
[13.003 ,11.953 ,13.526 ,12.765 ,14.887 ,15.083 ,17.045 ,15.293 ],
[15.765 ,14.731 ,15.075 ,14.314 ,13.978 ,15.333 ,13.815 , 9.023 ]]
Convolution Running time: 0.137504 ms

stride: 2, padding: 0, output size: 15
thread block: 32 x 32
Convolution method: Slide
output corner:
[
[12.959 ,12.655 ,16.738 ,13.659 ,12.609 ,13.502 ,13.845 ,13.861 ],
[11.953 ,12.765 ,15.083 ,15.293 ,14.731 ,14.314 ,15.333 ,13.068 ],
[14.697 ,17.410 ,13.841 ,11.150 ,14.332 ,13.131 ,12.489 ,13.030 ],
[13.239 ,13.798 ,13.232 ,15.004 ,12.771 ,13.795 ,13.935 ,12.008 ],
[13.142 ,14.131 ,10.993 ,15.018 ,13.717 ,12.801 ,12.765 ,14.605 ],
[13.665 ,11.969 ,12.672 ,14.020 ,14.291 ,13.702 ,13.413 ,12.183 ],
[14.070 ,13.920 ,16.342 ,14.589 ,12.737 ,13.648 ,16.153 ,13.501 ],
[13.539 ,13.534 ,14.801 ,12.731 ,13.438 ,17.061 ,13.315 ,13.450 ]]
Convolution Running time: 0.064416 ms

Convolution method: im2col
im2col shape: (27, 225)
output corner:
[
[12.959 ,12.655 ,16.738 ,13.659 ,12.609 ,13.502 ,13.845 ,13.861 ],
[11.953 ,12.765 ,15.083 ,15.293 ,14.731 ,14.314 ,15.333 ,13.068 ],
[14.697 ,17.410 ,13.841 ,11.150 ,14.332 ,13.131 ,12.489 ,13.030 ],
[13.239 ,13.798 ,13.232 ,15.004 ,12.771 ,13.795 ,13.935 ,12.008 ],
[13.142 ,14.131 ,10.993 ,15.018 ,13.717 ,12.801 ,12.765 ,14.605 ],
[13.665 ,11.969 ,12.672 ,14.020 ,14.291 ,13.702 ,13.413 ,12.183 ],
[14.070 ,13.920 ,16.342 ,14.589 ,12.737 ,13.648 ,16.153 ,13.501 ],
[13.539 ,13.534 ,14.801 ,12.731 ,13.438 ,17.061 ,13.315 ,13.450 ]]
Convolution Running time: 0.056544 ms

Convolution method: cuDNN
output corner:
[
[12.959 ,12.655 ,16.738 ,13.659 ,12.609 ,13.502 ,13.845 ,13.861 ],
[11.953 ,12.765 ,15.083 ,15.293 ,14.731 ,14.314 ,15.333 ,13.068 ],
[14.697 ,17.410 ,13.841 ,11.150 ,14.332 ,13.131 ,12.489 ,13.030 ],
[13.239 ,13.798 ,13.232 ,15.004 ,12.771 ,13.795 ,13.935 ,12.008 ],
[13.142 ,14.131 ,10.993 ,15.018 ,13.717 ,12.801 ,12.765 ,14.605 ],
[13.665 ,11.969 ,12.672 ,14.020 ,14.291 ,13.702 ,13.413 ,12.183 ],
[14.070 ,13.920 ,16.342 ,14.589 ,12.737 ,13.648 ,16.153 ,13.501 ],
[13.539 ,13.534 ,14.801 ,12.731 ,13.438 ,17.061 ,13.315 ,13.450 ]]
Convolution Running time: 0.011904 ms

stride: 3, padding: 0, output size: 10
thread block: 32 x 32
Convolution method: Slide
output corner:
[
[12.959 ,16.632 ,13.659 ,12.118 ,13.845 ,13.003 ,12.765 ,17.045 ],
[14.731 ,13.978 ,13.494 ,14.215 ,13.711 ,12.367 ,13.132 ,12.542 ],
[13.343 ,10.926 ,13.379 ,14.001 ,13.702 ,13.899 ,14.070 ,14.335 ],
[14.589 ,13.310 ,16.153 ,12.072 ,13.534 ,15.906 ,11.704 ,16.713 ],
[12.721 ,13.895 ,16.578 ,13.282 ,13.605 ,15.347 ,13.434 ,13.670 ],
[13.975 ,15.333 ,13.304 ,15.631 ,15.514 ,12.311 ,13.150 ,13.149 ],
[15.272 ,15.708 ,15.567 ,13.079 ,12.706 ,11.749 ,13.887 ,12.417 ],
[13.989 ,12.324 ,13.712 ,12.337 ,12.911 ,14.092 ,15.190 ,14.420 ]]
Convolution Running time: 0.045632 ms

Convolution method: im2col
im2col shape: (27, 100)
output corner:
[
[12.959 ,16.632 ,13.659 ,12.118 ,13.845 ,13.003 ,12.765 ,17.045 ],
[14.731 ,13.978 ,13.494 ,14.215 ,13.711 ,12.367 ,13.132 ,12.542 ],
[13.343 ,10.926 ,13.379 ,14.001 ,13.702 ,13.899 ,14.070 ,14.335 ],
[14.589 ,13.310 ,16.153 ,12.072 ,13.534 ,15.906 ,11.704 ,16.713 ],
[12.721 ,13.895 ,16.578 ,13.282 ,13.605 ,15.347 ,13.434 ,13.670 ],
[13.975 ,15.333 ,13.304 ,15.631 ,15.514 ,12.311 ,13.150 ,13.149 ],
[15.272 ,15.708 ,15.567 ,13.079 ,12.706 ,11.749 ,13.887 ,12.417 ],
[13.989 ,12.324 ,13.712 ,12.337 ,12.911 ,14.092 ,15.190 ,14.420 ]]
Convolution Running time: 0.05968 ms

Convolution method: cuDNN
output corner:
[
[12.959 ,16.632 ,13.659 ,12.118 ,13.845 ,13.003 ,12.765 ,17.045 ],
[14.731 ,13.978 ,13.494 ,14.215 ,13.711 ,12.367 ,13.132 ,12.542 ],
[13.343 ,10.926 ,13.379 ,14.001 ,13.702 ,13.899 ,14.070 ,14.335 ],
[14.589 ,13.310 ,16.153 ,12.072 ,13.534 ,15.906 ,11.704 ,16.713 ],
[12.721 ,13.895 ,16.578 ,13.282 ,13.605 ,15.347 ,13.434 ,13.670 ],
[13.975 ,15.333 ,13.304 ,15.631 ,15.514 ,12.311 ,13.150 ,13.149 ],
[15.272 ,15.708 ,15.567 ,13.079 ,12.706 ,11.749 ,13.887 ,12.417 ],
[13.989 ,12.324 ,13.712 ,12.337 ,12.911 ,14.092 ,15.190 ,14.420 ]]
Convolution Running time: 0.01792 ms

