======input size: 128 x 128======
stride: 1, padding: 1, output size: 128
thread block: 32 x 32
Convolution method: Slide
output corner:
[
[ 5.948 , 8.530 , 8.253 , 9.544 ,10.663 ,10.323 , 9.580 , 8.676 ],
[ 8.745 , 8.213 , 8.638 , 8.023 , 8.193 , 7.702 , 8.919 , 9.220 ],
[10.155 , 9.607 , 9.512 , 9.840 , 8.809 ,10.672 , 9.651 ,10.664 ],
[ 9.335 ,10.077 ,10.223 , 8.691 , 8.274 , 9.221 ,11.753 ,10.654 ],
[ 9.359 , 7.338 , 8.120 , 7.919 , 9.337 ,10.670 ,10.870 , 8.937 ],
[ 7.237 , 7.118 , 7.513 , 8.699 , 6.646 , 8.283 , 7.095 , 9.898 ],
[ 8.708 , 8.265 , 8.185 , 8.967 , 9.554 , 9.141 , 7.568 , 7.389 ],
[ 8.308 , 9.199 , 9.312 , 8.909 , 9.110 , 9.187 , 9.203 ,10.029 ]]
Convolution Running time: 0.169792 ms

Convolution method: im2col
im2col shape: (27, 16384)
output corner:
[
[ 5.948 , 8.530 , 8.253 , 9.544 ,10.663 ,10.323 , 9.580 , 8.676 ],
[ 8.745 , 8.213 , 8.638 , 8.023 , 8.193 , 7.702 , 8.919 , 9.220 ],
[10.155 , 9.607 , 9.512 , 9.840 , 8.809 ,10.672 , 9.651 ,10.664 ],
[ 9.335 ,10.077 ,10.223 , 8.691 , 8.274 , 9.221 ,11.753 ,10.654 ],
[ 9.359 , 7.338 , 8.120 , 7.919 , 9.337 ,10.670 ,10.870 , 8.937 ],
[ 7.237 , 7.118 , 7.513 , 8.699 , 6.646 , 8.283 , 7.095 , 9.898 ],
[ 8.708 , 8.265 , 8.185 , 8.967 , 9.554 , 9.141 , 7.568 , 7.389 ],
[ 8.308 , 9.199 , 9.312 , 8.909 , 9.110 , 9.187 , 9.203 ,10.029 ]]
Convolution Running time: 0.234656 ms

Convolution method: cuDNN
output corner:
[
[ 5.948 , 8.530 , 8.253 , 9.544 ,10.663 ,10.323 , 9.580 , 8.676 ],
[ 8.745 , 8.213 , 8.638 , 8.023 , 8.193 , 7.702 , 8.919 , 9.220 ],
[10.155 , 9.607 , 9.512 , 9.840 , 8.809 ,10.672 , 9.651 ,10.664 ],
[ 9.335 ,10.077 ,10.223 , 8.691 , 8.274 , 9.221 ,11.753 ,10.654 ],
[ 9.359 , 7.338 , 8.120 , 7.919 , 9.337 ,10.670 ,10.870 , 8.937 ],
[ 7.237 , 7.118 , 7.513 , 8.699 , 6.646 , 8.283 , 7.095 , 9.898 ],
[ 8.708 , 8.265 , 8.185 , 8.967 , 9.554 , 9.141 , 7.568 , 7.389 ],
[ 8.308 , 9.199 , 9.312 , 8.909 , 9.110 , 9.187 , 9.203 ,10.029 ]]
Convolution Running time: 0.093088 ms

stride: 2, padding: 0, output size: 63
thread block: 32 x 32
Convolution method: Slide
output corner:
[
[13.151 ,14.523 ,15.254 ,12.627 ,12.192 ,12.767 ,12.010 ,15.078 ],
[16.146 ,14.463 ,14.512 ,16.430 ,14.557 ,12.387 ,12.573 ,15.145 ],
[12.570 ,13.637 ,16.005 ,14.270 ,11.734 ,12.748 ,13.200 ,13.588 ],
[12.825 ,13.138 ,14.441 ,12.441 ,14.406 ,12.711 ,14.774 ,14.516 ],
[11.133 ,10.699 ,10.811 ,13.191 ,13.220 ,15.829 ,12.951 ,15.001 ],
[12.381 , 9.964 ,13.101 ,12.941 ,13.965 ,11.957 ,13.602 ,15.065 ],
[14.933 ,12.712 ,12.939 ,13.064 ,12.446 ,12.960 ,12.130 ,16.131 ],
[17.559 ,15.121 ,13.109 ,11.127 ,12.602 ,12.785 ,12.821 ,12.959 ]]
Convolution Running time: 0.065344 ms

Convolution method: im2col
im2col shape: (27, 3969)
output corner:
[
[13.151 ,14.523 ,15.254 ,12.627 ,12.192 ,12.767 ,12.010 ,15.078 ],
[16.146 ,14.463 ,14.512 ,16.430 ,14.557 ,12.387 ,12.573 ,15.145 ],
[12.570 ,13.637 ,16.005 ,14.270 ,11.734 ,12.748 ,13.200 ,13.588 ],
[12.825 ,13.138 ,14.441 ,12.441 ,14.406 ,12.711 ,14.774 ,14.516 ],
[11.133 ,10.699 ,10.811 ,13.191 ,13.220 ,15.829 ,12.951 ,15.001 ],
[12.381 , 9.964 ,13.101 ,12.941 ,13.965 ,11.957 ,13.602 ,15.065 ],
[14.933 ,12.712 ,12.939 ,13.064 ,12.446 ,12.960 ,12.130 ,16.131 ],
[17.559 ,15.121 ,13.109 ,11.127 ,12.602 ,12.785 ,12.821 ,12.959 ]]
Convolution Running time: 0.108864 ms

Convolution method: cuDNN
output corner:
[
[13.151 ,14.523 ,15.254 ,12.627 ,12.192 ,12.767 ,12.010 ,15.078 ],
[16.146 ,14.463 ,14.512 ,16.430 ,14.557 ,12.387 ,12.573 ,15.145 ],
[12.570 ,13.637 ,16.005 ,14.270 ,11.734 ,12.748 ,13.200 ,13.588 ],
[12.825 ,13.138 ,14.441 ,12.441 ,14.406 ,12.711 ,14.774 ,14.516 ],
[11.133 ,10.699 ,10.811 ,13.191 ,13.220 ,15.829 ,12.951 ,15.001 ],
[12.381 , 9.964 ,13.101 ,12.941 ,13.965 ,11.957 ,13.602 ,15.065 ],
[14.933 ,12.712 ,12.939 ,13.064 ,12.446 ,12.960 ,12.130 ,16.131 ],
[17.559 ,15.121 ,13.109 ,11.127 ,12.602 ,12.785 ,12.821 ,12.959 ]]
Convolution Running time: 0.00816 ms

stride: 3, padding: 0, output size: 42
thread block: 32 x 32
Convolution method: Slide
output corner:
[
[13.151 ,15.505 ,12.627 ,14.042 ,12.010 ,16.410 ,14.463 ,14.116 ],
[14.557 ,11.961 ,15.145 ,13.590 ,16.005 ,12.590 ,12.748 ,11.437 ],
[12.825 ,13.761 ,12.441 ,13.757 ,14.774 ,12.475 ,10.699 ,11.779 ],
[13.220 ,13.445 ,15.001 , 9.895 ,13.101 ,13.993 ,11.957 ,14.331 ],
[14.933 ,12.661 ,13.064 ,13.562 ,12.130 ,17.622 ,15.121 ,12.036 ],
[12.602 ,13.496 ,13.279 ,13.471 ,13.339 ,13.946 ,10.773 ,14.847 ],
[14.718 ,14.777 ,13.469 ,16.929 ,14.433 ,13.039 ,11.987 ,16.394 ],
[14.093 ,11.803 ,17.081 ,14.346 ,11.396 ,14.260 ,13.627 ,15.190 ]]
Convolution Running time: 0.050496 ms

Convolution method: im2col
im2col shape: (27, 1764)
output corner:
[
[13.151 ,15.505 ,12.627 ,14.042 ,12.010 ,16.410 ,14.463 ,14.116 ],
[14.557 ,11.961 ,15.145 ,13.590 ,16.005 ,12.590 ,12.748 ,11.437 ],
[12.825 ,13.761 ,12.441 ,13.757 ,14.774 ,12.475 ,10.699 ,11.779 ],
[13.220 ,13.445 ,15.001 , 9.895 ,13.101 ,13.993 ,11.957 ,14.331 ],
[14.933 ,12.661 ,13.064 ,13.562 ,12.130 ,17.622 ,15.121 ,12.036 ],
[12.602 ,13.496 ,13.279 ,13.471 ,13.339 ,13.946 ,10.773 ,14.847 ],
[14.718 ,14.777 ,13.469 ,16.929 ,14.433 ,13.039 ,11.987 ,16.394 ],
[14.093 ,11.803 ,17.081 ,14.346 ,11.396 ,14.260 ,13.627 ,15.190 ]]
Convolution Running time: 0.067264 ms

Convolution method: cuDNN
output corner:
[
[13.151 ,15.505 ,12.627 ,14.042 ,12.010 ,16.410 ,14.463 ,14.116 ],
[14.557 ,11.961 ,15.145 ,13.590 ,16.005 ,12.590 ,12.748 ,11.437 ],
[12.825 ,13.761 ,12.441 ,13.757 ,14.774 ,12.475 ,10.699 ,11.779 ],
[13.220 ,13.445 ,15.001 , 9.895 ,13.101 ,13.993 ,11.957 ,14.331 ],
[14.933 ,12.661 ,13.064 ,13.562 ,12.130 ,17.622 ,15.121 ,12.036 ],
[12.602 ,13.496 ,13.279 ,13.471 ,13.339 ,13.946 ,10.773 ,14.847 ],
[14.718 ,14.777 ,13.469 ,16.929 ,14.433 ,13.039 ,11.987 ,16.394 ],
[14.093 ,11.803 ,17.081 ,14.346 ,11.396 ,14.260 ,13.627 ,15.190 ]]
Convolution Running time: 0.00944 ms

