======input size: 512 x 512======
stride: 1, padding: 1, output size: 512
thread block: 32 x 32
Convolution method: Slide
output corner:
[
[ 7.844 ,10.588 , 8.933 , 7.972 , 8.810 ,10.622 ,11.836 ,11.844 ],
[11.544 , 9.684 ,10.209 ,10.073 ,10.517 , 9.132 , 7.061 , 7.208 ],
[ 7.215 , 9.762 , 9.566 ,10.546 , 8.974 , 9.721 , 8.496 , 9.760 ],
[ 9.004 , 8.965 , 8.250 , 8.435 , 8.184 , 6.718 , 7.538 , 7.548 ],
[ 9.031 , 8.302 ,10.549 ,11.141 , 9.987 , 8.855 , 8.311 , 9.246 ],
[ 9.280 ,10.369 , 9.992 , 8.511 , 6.698 , 6.329 , 8.183 ,10.035 ],
[10.349 , 9.100 , 7.721 , 8.746 , 8.877 , 9.009 , 7.177 , 7.235 ],
[ 6.638 , 7.257 , 7.008 , 7.264 , 7.772 , 7.298 , 6.464 , 6.657 ]]
Convolution Running time: 0.61168 ms

Convolution method: im2col
im2col shape: (27, 262144)
output corner:
[
[ 7.844 ,10.588 , 8.933 , 7.972 , 8.810 ,10.622 ,11.836 ,11.844 ],
[11.544 , 9.684 ,10.209 ,10.073 ,10.517 , 9.132 , 7.061 , 7.208 ],
[ 7.215 , 9.762 , 9.566 ,10.546 , 8.974 , 9.721 , 8.496 , 9.760 ],
[ 9.004 , 8.965 , 8.250 , 8.435 , 8.184 , 6.718 , 7.538 , 7.548 ],
[ 9.031 , 8.302 ,10.549 ,11.141 , 9.987 , 8.855 , 8.311 , 9.246 ],
[ 9.280 ,10.369 , 9.992 , 8.511 , 6.698 , 6.329 , 8.183 ,10.035 ],
[10.349 , 9.100 , 7.721 , 8.746 , 8.877 , 9.009 , 7.177 , 7.235 ],
[ 6.638 , 7.257 , 7.008 , 7.264 , 7.772 , 7.298 , 6.464 , 6.657 ]]
Convolution Running time: 2.9688 ms

Convolution method: cuDNN
output corner:
[
[ 7.844 ,10.588 , 8.933 , 7.972 , 8.810 ,10.622 ,11.836 ,11.844 ],
[11.544 , 9.684 ,10.209 ,10.073 ,10.517 , 9.132 , 7.061 , 7.208 ],
[ 7.215 , 9.762 , 9.566 ,10.546 , 8.974 , 9.721 , 8.496 , 9.760 ],
[ 9.004 , 8.965 , 8.250 , 8.435 , 8.184 , 6.718 , 7.538 , 7.548 ],
[ 9.031 , 8.302 ,10.549 ,11.141 , 9.987 , 8.855 , 8.311 , 9.246 ],
[ 9.280 ,10.369 , 9.992 , 8.511 , 6.698 , 6.329 , 8.183 ,10.035 ],
[10.349 , 9.100 , 7.721 , 8.746 , 8.877 , 9.009 , 7.177 , 7.235 ],
[ 6.638 , 7.257 , 7.008 , 7.264 , 7.772 , 7.298 , 6.464 , 6.657 ]]
Convolution Running time: 0.087904 ms

stride: 2, padding: 0, output size: 255
thread block: 32 x 32
Convolution method: Slide
output corner:
[
[15.242 ,12.681 ,15.279 ,17.279 ,13.584 ,13.767 ,12.519 ,10.640 ],
[14.010 ,13.425 ,13.451 ,14.592 ,12.431 ,11.636 , 9.586 ,11.280 ],
[13.987 ,17.343 ,15.382 ,13.985 ,15.605 ,12.847 ,10.161 ,11.890 ],
[12.413 ,13.141 ,14.761 ,12.641 ,10.955 ,11.580 ,12.124 ,11.893 ],
[15.196 ,13.412 ,13.182 ,12.055 ,11.811 ,12.849 ,14.409 ,12.170 ],
[14.485 ,14.044 ,15.268 ,14.533 ,14.080 ,15.476 , 9.766 ,12.391 ],
[16.275 ,15.745 ,13.381 ,12.684 ,11.691 ,12.577 ,13.088 ,12.705 ],
[14.130 ,13.061 ,13.995 ,13.563 ,13.358 ,13.424 ,12.968 ,14.603 ]]
Convolution Running time: 0.198528 ms

Convolution method: im2col
im2col shape: (27, 65025)
output corner:
[
[15.242 ,12.681 ,15.279 ,17.279 ,13.584 ,13.767 ,12.519 ,10.640 ],
[14.010 ,13.425 ,13.451 ,14.592 ,12.431 ,11.636 , 9.586 ,11.280 ],
[13.987 ,17.343 ,15.382 ,13.985 ,15.605 ,12.847 ,10.161 ,11.890 ],
[12.413 ,13.141 ,14.761 ,12.641 ,10.955 ,11.580 ,12.124 ,11.893 ],
[15.196 ,13.412 ,13.182 ,12.055 ,11.811 ,12.849 ,14.409 ,12.170 ],
[14.485 ,14.044 ,15.268 ,14.533 ,14.080 ,15.476 , 9.766 ,12.391 ],
[16.275 ,15.745 ,13.381 ,12.684 ,11.691 ,12.577 ,13.088 ,12.705 ],
[14.130 ,13.061 ,13.995 ,13.563 ,13.358 ,13.424 ,12.968 ,14.603 ]]
Convolution Running time: 0.787904 ms

Convolution method: cuDNN
output corner:
[
[15.242 ,12.681 ,15.279 ,17.279 ,13.584 ,13.767 ,12.519 ,10.640 ],
[14.010 ,13.425 ,13.451 ,14.592 ,12.431 ,11.636 , 9.586 ,11.280 ],
[13.987 ,17.343 ,15.382 ,13.985 ,15.605 ,12.847 ,10.161 ,11.890 ],
[12.413 ,13.141 ,14.761 ,12.641 ,10.955 ,11.580 ,12.124 ,11.893 ],
[15.196 ,13.412 ,13.182 ,12.055 ,11.811 ,12.849 ,14.409 ,12.170 ],
[14.485 ,14.044 ,15.268 ,14.533 ,14.080 ,15.476 , 9.766 ,12.391 ],
[16.275 ,15.745 ,13.381 ,12.684 ,11.691 ,12.577 ,13.088 ,12.705 ],
[14.130 ,13.061 ,13.995 ,13.563 ,13.358 ,13.424 ,12.968 ,14.603 ]]
Convolution Running time: 0.009888 ms

stride: 3, padding: 0, output size: 170
thread block: 32 x 32
Convolution method: Slide
output corner:
[
[15.242 ,13.196 ,17.279 ,13.715 ,12.519 ,11.817 ,13.425 ,13.108 ],
[12.431 ,11.945 ,11.280 ,16.664 ,15.382 ,14.554 ,12.847 ,10.726 ],
[12.413 ,13.846 ,12.641 ,10.889 ,12.124 ,13.154 ,13.412 ,13.242 ],
[11.811 ,12.930 ,12.170 ,12.408 ,15.268 ,12.581 ,15.476 ,10.266 ],
[16.275 ,14.742 ,12.684 ,12.609 ,13.088 ,13.995 ,13.061 ,13.538 ],
[13.358 ,14.129 ,14.603 ,13.820 ,12.913 ,12.552 ,14.036 ,13.492 ],
[13.543 ,12.063 ,14.086 ,16.205 ,14.301 ,15.672 ,14.459 ,11.946 ],
[17.217 ,12.315 ,15.087 ,13.585 ,12.295 ,15.618 ,13.499 ,14.853 ]]
Convolution Running time: 0.115616 ms

Convolution method: im2col
im2col shape: (27, 28900)
output corner:
[
[15.242 ,13.196 ,17.279 ,13.715 ,12.519 ,11.817 ,13.425 ,13.108 ],
[12.431 ,11.945 ,11.280 ,16.664 ,15.382 ,14.554 ,12.847 ,10.726 ],
[12.413 ,13.846 ,12.641 ,10.889 ,12.124 ,13.154 ,13.412 ,13.242 ],
[11.811 ,12.930 ,12.170 ,12.408 ,15.268 ,12.581 ,15.476 ,10.266 ],
[16.275 ,14.742 ,12.684 ,12.609 ,13.088 ,13.995 ,13.061 ,13.538 ],
[13.358 ,14.129 ,14.603 ,13.820 ,12.913 ,12.552 ,14.036 ,13.492 ],
[13.543 ,12.063 ,14.086 ,16.205 ,14.301 ,15.672 ,14.459 ,11.946 ],
[17.217 ,12.315 ,15.087 ,13.585 ,12.295 ,15.618 ,13.499 ,14.853 ]]
Convolution Running time: 0.374112 ms

Convolution method: cuDNN
output corner:
[
[15.242 ,13.196 ,17.279 ,13.715 ,12.519 ,11.817 ,13.425 ,13.108 ],
[12.431 ,11.945 ,11.280 ,16.664 ,15.382 ,14.554 ,12.847 ,10.726 ],
[12.413 ,13.846 ,12.641 ,10.889 ,12.124 ,13.154 ,13.412 ,13.242 ],
[11.811 ,12.930 ,12.170 ,12.408 ,15.268 ,12.581 ,15.476 ,10.266 ],
[16.275 ,14.742 ,12.684 ,12.609 ,13.088 ,13.995 ,13.061 ,13.538 ],
[13.358 ,14.129 ,14.603 ,13.820 ,12.913 ,12.552 ,14.036 ,13.492 ],
[13.543 ,12.063 ,14.086 ,16.205 ,14.301 ,15.672 ,14.459 ,11.946 ],
[17.217 ,12.315 ,15.087 ,13.585 ,12.295 ,15.618 ,13.499 ,14.853 ]]
Convolution Running time: 0.008736 ms

